<?xml version="1.0" encoding="UTF-8"?>
<testng-results skipped="0" failed="0" total="1" passed="1">
  <reporter-output>
  </reporter-output>
  <suite name="Default suite" duration-ms="24454" started-at="2017-09-21T21:30:55Z" finished-at="2017-09-21T21:31:19Z">
    <groups>
    </groups>
    <test name="Default test" duration-ms="24454" started-at="2017-09-21T21:30:55Z" finished-at="2017-09-21T21:31:19Z">
      <class name="sliva.blackberry">
        <test-method status="PASS" signature="openGoogle()[pri:0, instance:sliva.blackberry@ae45eb6]" name="openGoogle" duration-ms="24395" started-at="2017-09-22T00:30:55Z" finished-at="2017-09-22T00:31:19Z">
          <reporter-output>
          </reporter-output>
        </test-method> <!-- openGoogle -->
      </class> <!-- sliva.blackberry -->
    </test> <!-- Default test -->
  </suite> <!-- Default suite -->
</testng-results>
